<?xml version="1.0" encoding="UTF-8"?>
<Site BuildName="(empty)"
	BuildStamp="20210612-1331-Experimental"
	Name="(empty)"
	Generator="ctest-3.20.0-rc5"
	CompilerName=""
	CompilerVersion=""
	OSName="Windows"
	Hostname="LAPTOP-AKI3A3A7"
	OSRelease=" Professional"
	OSVersion=" (Build 18363)"
	OSPlatform="AMD64"
	Is64Bits="1"
	VendorString="GenuineIntel"
	VendorID="Intel Corporation"
	FamilyID="6"
	ModelID="14"
	ProcessorCacheSize="-1"
	NumberOfLogicalCPU="8"
	NumberOfPhysicalCPU="4"
	TotalVirtualMemory="17320"
	TotalPhysicalMemory="8104"
	LogicalProcessorsPerPhysical="2"
	ProcessorClockFrequency="1800"
	>
	<Testing>
		<StartDateTime>Jun 12 16:31 Jerusalem Daylight Time</StartDateTime>
		<StartTestTime>1623504687</StartTestTime>
		<TestList/>
		<EndDateTime>Jun 12 16:31 Jerusalem Daylight Time</EndDateTime>
		<EndTestTime>1623504687</EndTestTime>
		<ElapsedMinutes>0</ElapsedMinutes>
	</Testing>
</Site>
